<?xml version="1.0" encoding="UTF-8"?>
<!-- Generated by org.testng.reporters.JUnitReportReporter -->
<testsuite hostname="COL-ML150407" failures="0" tests="1" name="com.restassured.test.GetAndPostExample" time="1.682" errors="0" timestamp="2022-05-09T15:58:35 COT" skipped="0">
  <testcase classname="com.restassured.test.GetAndPostExample" name="testPost" time="1.682"/>
  <system-out/>
</testsuite> <!-- com.restassured.test.GetAndPostExample -->
