<?xml version="1.0" encoding="UTF-8"?>
<!-- Generated by org.testng.reporters.JUnitReportReporter -->
<testsuite hostname="COL-ML150407" failures="0" tests="1" name="com.restassured.test.TestsExample" time="1.986" errors="0" timestamp="2022-05-05T15:41:26 COT" skipped="0">
  <testcase classname="com.restassured.test.TestsExample" name="test_one" time="1.986"/>
  <system-out/>
</testsuite> <!-- com.restassured.test.TestsExample -->
