<?xml version="1.0" encoding="UTF-8"?>
<!-- Generated by org.testng.reporters.JUnitReportReporter -->
<testsuite hostname="COL-ML150407" failures="0" tests="3" name="com.restassured.test.PutPatchDeleteExmple" time="2.765" errors="0" timestamp="2022-05-09T16:19:27 COT" skipped="0">
  <testcase classname="com.restassured.test.PutPatchDeleteExmple" name="testPatch" time="0.501"/>
  <system-out/>
  <testcase classname="com.restassured.test.PutPatchDeleteExmple" name="testPut" time="0.449"/>
  <system-out/>
  <testcase classname="com.restassured.test.PutPatchDeleteExmple" name="testDelete" time="1.815"/>
  <system-out/>
</testsuite> <!-- com.restassured.test.PutPatchDeleteExmple -->
